{
  "0 debug pnpm:scope": {
    "selected": 1
  },
  "1 error pnpm": {
    "message": {
      "errno": 1,
      "code": "ELIFECYCLE",
      "pkgid": "@",
      "stage": "hot",
      "script": "mix watch --hot"
    },
    "err": {
      "name": "Error",
      "message": "@ hot: `mix watch --hot`\nExit status 1",
      "code": "ELIFECYCLE",
      "stack": "Error: @ hot: `mix watch --hot`\nExit status 1\n    at EventEmitter.<anonymous> (C:\\Users\\Thinkpad\\AppData\\Roaming\\npm\\node_modules\\pnpm\\dist\\pnpm.js:103159:18)\n    at EventEmitter.emit (events.js:209:13)\n    at ChildProcess.<anonymous> (C:\\Users\\Thinkpad\\AppData\\Roaming\\npm\\node_modules\\pnpm\\dist\\pnpm.js:88733:16)\n    at ChildProcess.emit (events.js:209:13)\n    at maybeClose (internal/child_process.js:1021:16)\n    at Process.ChildProcess._handle.onexit (internal/child_process.js:283:5)"
    }
  }
}